2021-05-27 04:30:00,522 INFO 13459 [Job#1622061000516734572140727441] /Users/kayliang/Documents/linjy/Frontend/Notebook/examples/6-node/egg-example/node_modules/egg-multipart/app/schedule/clean_tmpdir.js executing by app
2021-05-27 04:30:00,529 INFO 13459 [Job#1622061000516734572140727441] /Users/kayliang/Documents/linjy/Frontend/Notebook/examples/6-node/egg-example/node_modules/egg-multipart/app/schedule/clean_tmpdir.js execute succeed, used 6ms. 
2021-05-27 04:30:00,528 INFO 12823 [Timer] /Users/kayliang/Documents/linjy/Frontend/Notebook/examples/6-node/egg-example/node_modules/egg-multipart/app/schedule/clean_tmpdir.js next time will execute after 86399480ms at 2021-05-28 04:30:00.008
2021-05-27 21:14:57,922 INFO 26459 [egg-schedule]: register schedule /Users/kayliang/Documents/linjy/Frontend/Notebook/examples/6-node/egg-example/node_modules/egg-multipart/app/schedule/clean_tmpdir.js
2021-05-27 21:14:57,922 INFO 26459 [egg-schedule]: register schedule /Users/kayliang/Documents/linjy/Frontend/Notebook/examples/6-node/egg-example/node_modules/egg-logrotator/app/schedule/clean_log.js
2021-05-27 21:14:57,922 INFO 26459 [egg-schedule]: register schedule /Users/kayliang/Documents/linjy/Frontend/Notebook/examples/6-node/egg-example/node_modules/egg-logrotator/app/schedule/rotate_by_file.js
2021-05-27 21:14:58,058 INFO 26458 [Timer] /Users/kayliang/Documents/linjy/Frontend/Notebook/examples/6-node/egg-example/node_modules/egg-multipart/app/schedule/clean_tmpdir.js next time will execute after 26101945ms at 2021-05-28 04:30:00.003
2021-05-27 21:14:58,058 INFO 26458 [Timer] /Users/kayliang/Documents/linjy/Frontend/Notebook/examples/6-node/egg-example/node_modules/egg-logrotator/app/schedule/clean_log.js next time will execute after 9901942ms at 2021-05-28 00:00:00.000
2021-05-27 21:14:58,059 INFO 26458 [Timer] /Users/kayliang/Documents/linjy/Frontend/Notebook/examples/6-node/egg-example/node_modules/egg-logrotator/app/schedule/rotate_by_file.js next time will execute after 9902942ms at 2021-05-28 00:00:01.001
2021-05-27 21:20:24,049 INFO 26530 [egg-schedule]: register schedule /Users/kayliang/Documents/linjy/Frontend/Notebook/examples/6-node/egg-example/node_modules/egg-multipart/app/schedule/clean_tmpdir.js
2021-05-27 21:20:24,049 INFO 26530 [egg-schedule]: register schedule /Users/kayliang/Documents/linjy/Frontend/Notebook/examples/6-node/egg-example/node_modules/egg-logrotator/app/schedule/clean_log.js
2021-05-27 21:20:24,049 INFO 26530 [egg-schedule]: register schedule /Users/kayliang/Documents/linjy/Frontend/Notebook/examples/6-node/egg-example/node_modules/egg-logrotator/app/schedule/rotate_by_file.js
2021-05-27 21:20:30,199 INFO 26555 [egg-schedule]: register schedule /Users/kayliang/Documents/linjy/Frontend/Notebook/examples/6-node/egg-example/node_modules/egg-multipart/app/schedule/clean_tmpdir.js
2021-05-27 21:20:30,199 INFO 26555 [egg-schedule]: register schedule /Users/kayliang/Documents/linjy/Frontend/Notebook/examples/6-node/egg-example/node_modules/egg-logrotator/app/schedule/clean_log.js
2021-05-27 21:20:30,199 INFO 26555 [egg-schedule]: register schedule /Users/kayliang/Documents/linjy/Frontend/Notebook/examples/6-node/egg-example/node_modules/egg-logrotator/app/schedule/rotate_by_file.js
2021-05-27 21:20:43,679 INFO 26572 [egg-schedule]: register schedule /Users/kayliang/Documents/linjy/Frontend/Notebook/examples/6-node/egg-example/node_modules/egg-multipart/app/schedule/clean_tmpdir.js
2021-05-27 21:20:43,679 INFO 26572 [egg-schedule]: register schedule /Users/kayliang/Documents/linjy/Frontend/Notebook/examples/6-node/egg-example/node_modules/egg-logrotator/app/schedule/clean_log.js
2021-05-27 21:20:43,679 INFO 26572 [egg-schedule]: register schedule /Users/kayliang/Documents/linjy/Frontend/Notebook/examples/6-node/egg-example/node_modules/egg-logrotator/app/schedule/rotate_by_file.js
2021-05-27 21:20:57,828 INFO 26600 [Timer] /Users/kayliang/Documents/linjy/Frontend/Notebook/examples/6-node/egg-example/node_modules/egg-multipart/app/schedule/clean_tmpdir.js next time will execute after 25742176ms at 2021-05-28 04:30:00.004
2021-05-27 21:20:57,829 INFO 26600 [Timer] /Users/kayliang/Documents/linjy/Frontend/Notebook/examples/6-node/egg-example/node_modules/egg-logrotator/app/schedule/clean_log.js next time will execute after 9542172ms at 2021-05-28 00:00:00.001
2021-05-27 21:20:57,829 INFO 26600 [Timer] /Users/kayliang/Documents/linjy/Frontend/Notebook/examples/6-node/egg-example/node_modules/egg-logrotator/app/schedule/rotate_by_file.js next time will execute after 9543171ms at 2021-05-28 00:00:01.000
2021-05-27 21:20:57,713 INFO 26601 [egg-schedule]: register schedule /Users/kayliang/Documents/linjy/Frontend/Notebook/examples/6-node/egg-example/node_modules/egg-multipart/app/schedule/clean_tmpdir.js
2021-05-27 21:20:57,713 INFO 26601 [egg-schedule]: register schedule /Users/kayliang/Documents/linjy/Frontend/Notebook/examples/6-node/egg-example/node_modules/egg-logrotator/app/schedule/clean_log.js
2021-05-27 21:20:57,713 INFO 26601 [egg-schedule]: register schedule /Users/kayliang/Documents/linjy/Frontend/Notebook/examples/6-node/egg-example/node_modules/egg-logrotator/app/schedule/rotate_by_file.js
2021-05-27 21:21:25,170 INFO 26779 [Timer] /Users/kayliang/Documents/linjy/Frontend/Notebook/examples/6-node/egg-example/node_modules/egg-multipart/app/schedule/clean_tmpdir.js next time will execute after 25714833ms at 2021-05-28 04:30:00.003
2021-05-27 21:21:25,170 INFO 26779 [Timer] /Users/kayliang/Documents/linjy/Frontend/Notebook/examples/6-node/egg-example/node_modules/egg-logrotator/app/schedule/clean_log.js next time will execute after 9514830ms at 2021-05-28 00:00:00.000
2021-05-27 21:21:25,170 INFO 26779 [Timer] /Users/kayliang/Documents/linjy/Frontend/Notebook/examples/6-node/egg-example/node_modules/egg-logrotator/app/schedule/rotate_by_file.js next time will execute after 9515830ms at 2021-05-28 00:00:01.000
2021-05-27 21:21:25,054 INFO 26783 [egg-schedule]: register schedule /Users/kayliang/Documents/linjy/Frontend/Notebook/examples/6-node/egg-example/node_modules/egg-multipart/app/schedule/clean_tmpdir.js
2021-05-27 21:21:25,054 INFO 26783 [egg-schedule]: register schedule /Users/kayliang/Documents/linjy/Frontend/Notebook/examples/6-node/egg-example/node_modules/egg-logrotator/app/schedule/clean_log.js
2021-05-27 21:21:25,054 INFO 26783 [egg-schedule]: register schedule /Users/kayliang/Documents/linjy/Frontend/Notebook/examples/6-node/egg-example/node_modules/egg-logrotator/app/schedule/rotate_by_file.js
2021-05-27 21:22:57,208 INFO 26806 [egg-schedule]: register schedule /Users/kayliang/Documents/linjy/Frontend/Notebook/examples/6-node/egg-example/node_modules/egg-multipart/app/schedule/clean_tmpdir.js
2021-05-27 21:22:57,208 INFO 26806 [egg-schedule]: register schedule /Users/kayliang/Documents/linjy/Frontend/Notebook/examples/6-node/egg-example/node_modules/egg-logrotator/app/schedule/clean_log.js
2021-05-27 21:22:57,208 INFO 26806 [egg-schedule]: register schedule /Users/kayliang/Documents/linjy/Frontend/Notebook/examples/6-node/egg-example/node_modules/egg-logrotator/app/schedule/rotate_by_file.js
2021-05-27 21:23:08,363 INFO 26831 [Timer] /Users/kayliang/Documents/linjy/Frontend/Notebook/examples/6-node/egg-example/node_modules/egg-multipart/app/schedule/clean_tmpdir.js next time will execute after 25611640ms at 2021-05-28 04:30:00.003
2021-05-27 21:23:08,364 INFO 26831 [Timer] /Users/kayliang/Documents/linjy/Frontend/Notebook/examples/6-node/egg-example/node_modules/egg-logrotator/app/schedule/clean_log.js next time will execute after 9411636ms at 2021-05-28 00:00:00.000
2021-05-27 21:23:08,364 INFO 26831 [Timer] /Users/kayliang/Documents/linjy/Frontend/Notebook/examples/6-node/egg-example/node_modules/egg-logrotator/app/schedule/rotate_by_file.js next time will execute after 9412636ms at 2021-05-28 00:00:01.000
2021-05-27 21:23:08,244 INFO 26832 [egg-schedule]: register schedule /Users/kayliang/Documents/linjy/Frontend/Notebook/examples/6-node/egg-example/node_modules/egg-multipart/app/schedule/clean_tmpdir.js
2021-05-27 21:23:08,244 INFO 26832 [egg-schedule]: register schedule /Users/kayliang/Documents/linjy/Frontend/Notebook/examples/6-node/egg-example/node_modules/egg-logrotator/app/schedule/clean_log.js
2021-05-27 21:23:08,244 INFO 26832 [egg-schedule]: register schedule /Users/kayliang/Documents/linjy/Frontend/Notebook/examples/6-node/egg-example/node_modules/egg-logrotator/app/schedule/rotate_by_file.js
2021-05-27 21:24:04,491 INFO 26855 [egg-schedule]: register schedule /Users/kayliang/Documents/linjy/Frontend/Notebook/examples/6-node/egg-example/node_modules/egg-multipart/app/schedule/clean_tmpdir.js
2021-05-27 21:24:04,491 INFO 26855 [egg-schedule]: register schedule /Users/kayliang/Documents/linjy/Frontend/Notebook/examples/6-node/egg-example/node_modules/egg-logrotator/app/schedule/clean_log.js
2021-05-27 21:24:04,491 INFO 26855 [egg-schedule]: register schedule /Users/kayliang/Documents/linjy/Frontend/Notebook/examples/6-node/egg-example/node_modules/egg-logrotator/app/schedule/rotate_by_file.js
2021-05-27 21:24:34,437 INFO 26864 [egg-schedule]: register schedule /Users/kayliang/Documents/linjy/Frontend/Notebook/examples/6-node/egg-example/node_modules/egg-multipart/app/schedule/clean_tmpdir.js
2021-05-27 21:24:34,437 INFO 26864 [egg-schedule]: register schedule /Users/kayliang/Documents/linjy/Frontend/Notebook/examples/6-node/egg-example/node_modules/egg-logrotator/app/schedule/clean_log.js
2021-05-27 21:24:34,437 INFO 26864 [egg-schedule]: register schedule /Users/kayliang/Documents/linjy/Frontend/Notebook/examples/6-node/egg-example/node_modules/egg-logrotator/app/schedule/rotate_by_file.js
2021-05-27 21:25:36,707 INFO 26884 [egg-schedule]: register schedule /Users/kayliang/Documents/linjy/Frontend/Notebook/examples/6-node/egg-example/node_modules/egg-multipart/app/schedule/clean_tmpdir.js
2021-05-27 21:25:36,707 INFO 26884 [egg-schedule]: register schedule /Users/kayliang/Documents/linjy/Frontend/Notebook/examples/6-node/egg-example/node_modules/egg-logrotator/app/schedule/clean_log.js
2021-05-27 21:25:36,707 INFO 26884 [egg-schedule]: register schedule /Users/kayliang/Documents/linjy/Frontend/Notebook/examples/6-node/egg-example/node_modules/egg-logrotator/app/schedule/rotate_by_file.js
2021-05-27 21:25:53,667 INFO 26895 [egg-schedule]: register schedule /Users/kayliang/Documents/linjy/Frontend/Notebook/examples/6-node/egg-example/node_modules/egg-multipart/app/schedule/clean_tmpdir.js
2021-05-27 21:25:53,667 INFO 26895 [egg-schedule]: register schedule /Users/kayliang/Documents/linjy/Frontend/Notebook/examples/6-node/egg-example/node_modules/egg-logrotator/app/schedule/clean_log.js
2021-05-27 21:25:53,667 INFO 26895 [egg-schedule]: register schedule /Users/kayliang/Documents/linjy/Frontend/Notebook/examples/6-node/egg-example/node_modules/egg-logrotator/app/schedule/rotate_by_file.js
2021-05-27 21:26:46,843 INFO 26910 [egg-schedule]: register schedule /Users/kayliang/Documents/linjy/Frontend/Notebook/examples/6-node/egg-example/node_modules/egg-multipart/app/schedule/clean_tmpdir.js
2021-05-27 21:26:46,843 INFO 26910 [egg-schedule]: register schedule /Users/kayliang/Documents/linjy/Frontend/Notebook/examples/6-node/egg-example/node_modules/egg-logrotator/app/schedule/clean_log.js
2021-05-27 21:26:46,843 INFO 26910 [egg-schedule]: register schedule /Users/kayliang/Documents/linjy/Frontend/Notebook/examples/6-node/egg-example/node_modules/egg-logrotator/app/schedule/rotate_by_file.js
2021-05-27 21:26:55,384 INFO 26929 [egg-schedule]: register schedule /Users/kayliang/Documents/linjy/Frontend/Notebook/examples/6-node/egg-example/node_modules/egg-multipart/app/schedule/clean_tmpdir.js
2021-05-27 21:26:55,385 INFO 26929 [egg-schedule]: register schedule /Users/kayliang/Documents/linjy/Frontend/Notebook/examples/6-node/egg-example/node_modules/egg-logrotator/app/schedule/clean_log.js
2021-05-27 21:26:55,385 INFO 26929 [egg-schedule]: register schedule /Users/kayliang/Documents/linjy/Frontend/Notebook/examples/6-node/egg-example/node_modules/egg-logrotator/app/schedule/rotate_by_file.js
2021-05-27 21:27:03,768 INFO 26942 [egg-schedule]: register schedule /Users/kayliang/Documents/linjy/Frontend/Notebook/examples/6-node/egg-example/node_modules/egg-multipart/app/schedule/clean_tmpdir.js
2021-05-27 21:27:03,768 INFO 26942 [egg-schedule]: register schedule /Users/kayliang/Documents/linjy/Frontend/Notebook/examples/6-node/egg-example/node_modules/egg-logrotator/app/schedule/clean_log.js
2021-05-27 21:27:03,768 INFO 26942 [egg-schedule]: register schedule /Users/kayliang/Documents/linjy/Frontend/Notebook/examples/6-node/egg-example/node_modules/egg-logrotator/app/schedule/rotate_by_file.js
2021-05-27 21:27:16,495 INFO 26952 [egg-schedule]: register schedule /Users/kayliang/Documents/linjy/Frontend/Notebook/examples/6-node/egg-example/node_modules/egg-multipart/app/schedule/clean_tmpdir.js
2021-05-27 21:27:16,495 INFO 26952 [egg-schedule]: register schedule /Users/kayliang/Documents/linjy/Frontend/Notebook/examples/6-node/egg-example/node_modules/egg-logrotator/app/schedule/clean_log.js
2021-05-27 21:27:16,495 INFO 26952 [egg-schedule]: register schedule /Users/kayliang/Documents/linjy/Frontend/Notebook/examples/6-node/egg-example/node_modules/egg-logrotator/app/schedule/rotate_by_file.js
2021-05-27 21:27:48,521 INFO 26964 [egg-schedule]: register schedule /Users/kayliang/Documents/linjy/Frontend/Notebook/examples/6-node/egg-example/node_modules/egg-multipart/app/schedule/clean_tmpdir.js
2021-05-27 21:27:48,521 INFO 26964 [egg-schedule]: register schedule /Users/kayliang/Documents/linjy/Frontend/Notebook/examples/6-node/egg-example/node_modules/egg-logrotator/app/schedule/clean_log.js
2021-05-27 21:27:48,521 INFO 26964 [egg-schedule]: register schedule /Users/kayliang/Documents/linjy/Frontend/Notebook/examples/6-node/egg-example/node_modules/egg-logrotator/app/schedule/rotate_by_file.js
2021-05-27 21:30:30,968 INFO 27006 [egg-schedule]: register schedule /Users/kayliang/Documents/linjy/Frontend/Notebook/examples/6-node/egg-example/node_modules/egg-multipart/app/schedule/clean_tmpdir.js
2021-05-27 21:30:30,968 INFO 27006 [egg-schedule]: register schedule /Users/kayliang/Documents/linjy/Frontend/Notebook/examples/6-node/egg-example/node_modules/egg-logrotator/app/schedule/clean_log.js
2021-05-27 21:30:30,968 INFO 27006 [egg-schedule]: register schedule /Users/kayliang/Documents/linjy/Frontend/Notebook/examples/6-node/egg-example/node_modules/egg-logrotator/app/schedule/rotate_by_file.js
2021-05-27 21:31:01,015 INFO 27021 [egg-schedule]: register schedule /Users/kayliang/Documents/linjy/Frontend/Notebook/examples/6-node/egg-example/node_modules/egg-multipart/app/schedule/clean_tmpdir.js
2021-05-27 21:31:01,015 INFO 27021 [egg-schedule]: register schedule /Users/kayliang/Documents/linjy/Frontend/Notebook/examples/6-node/egg-example/node_modules/egg-logrotator/app/schedule/clean_log.js
2021-05-27 21:31:01,015 INFO 27021 [egg-schedule]: register schedule /Users/kayliang/Documents/linjy/Frontend/Notebook/examples/6-node/egg-example/node_modules/egg-logrotator/app/schedule/rotate_by_file.js
2021-05-27 21:32:03,755 INFO 27037 [egg-schedule]: register schedule /Users/kayliang/Documents/linjy/Frontend/Notebook/examples/6-node/egg-example/node_modules/egg-multipart/app/schedule/clean_tmpdir.js
2021-05-27 21:32:03,755 INFO 27037 [egg-schedule]: register schedule /Users/kayliang/Documents/linjy/Frontend/Notebook/examples/6-node/egg-example/node_modules/egg-logrotator/app/schedule/clean_log.js
2021-05-27 21:32:03,755 INFO 27037 [egg-schedule]: register schedule /Users/kayliang/Documents/linjy/Frontend/Notebook/examples/6-node/egg-example/node_modules/egg-logrotator/app/schedule/rotate_by_file.js
2021-05-27 21:32:06,599 INFO 27050 [egg-schedule]: register schedule /Users/kayliang/Documents/linjy/Frontend/Notebook/examples/6-node/egg-example/node_modules/egg-multipart/app/schedule/clean_tmpdir.js
2021-05-27 21:32:06,599 INFO 27050 [egg-schedule]: register schedule /Users/kayliang/Documents/linjy/Frontend/Notebook/examples/6-node/egg-example/node_modules/egg-logrotator/app/schedule/clean_log.js
2021-05-27 21:32:06,599 INFO 27050 [egg-schedule]: register schedule /Users/kayliang/Documents/linjy/Frontend/Notebook/examples/6-node/egg-example/node_modules/egg-logrotator/app/schedule/rotate_by_file.js
2021-05-27 21:32:29,252 INFO 27064 [egg-schedule]: register schedule /Users/kayliang/Documents/linjy/Frontend/Notebook/examples/6-node/egg-example/node_modules/egg-multipart/app/schedule/clean_tmpdir.js
2021-05-27 21:32:29,252 INFO 27064 [egg-schedule]: register schedule /Users/kayliang/Documents/linjy/Frontend/Notebook/examples/6-node/egg-example/node_modules/egg-logrotator/app/schedule/clean_log.js
2021-05-27 21:32:29,252 INFO 27064 [egg-schedule]: register schedule /Users/kayliang/Documents/linjy/Frontend/Notebook/examples/6-node/egg-example/node_modules/egg-logrotator/app/schedule/rotate_by_file.js
2021-05-27 21:32:33,187 INFO 27076 [egg-schedule]: register schedule /Users/kayliang/Documents/linjy/Frontend/Notebook/examples/6-node/egg-example/node_modules/egg-multipart/app/schedule/clean_tmpdir.js
2021-05-27 21:32:33,187 INFO 27076 [egg-schedule]: register schedule /Users/kayliang/Documents/linjy/Frontend/Notebook/examples/6-node/egg-example/node_modules/egg-logrotator/app/schedule/clean_log.js
2021-05-27 21:32:33,187 INFO 27076 [egg-schedule]: register schedule /Users/kayliang/Documents/linjy/Frontend/Notebook/examples/6-node/egg-example/node_modules/egg-logrotator/app/schedule/rotate_by_file.js
2021-05-27 21:32:54,578 INFO 27114 [Timer] /Users/kayliang/Documents/linjy/Frontend/Notebook/examples/6-node/egg-example/node_modules/egg-multipart/app/schedule/clean_tmpdir.js next time will execute after 25025426ms at 2021-05-28 04:30:00.004
2021-05-27 21:32:54,578 INFO 27114 [Timer] /Users/kayliang/Documents/linjy/Frontend/Notebook/examples/6-node/egg-example/node_modules/egg-logrotator/app/schedule/clean_log.js next time will execute after 8825422ms at 2021-05-28 00:00:00.000
2021-05-27 21:32:54,579 INFO 27114 [Timer] /Users/kayliang/Documents/linjy/Frontend/Notebook/examples/6-node/egg-example/node_modules/egg-logrotator/app/schedule/rotate_by_file.js next time will execute after 8826422ms at 2021-05-28 00:00:01.001
2021-05-27 21:32:54,458 INFO 27115 [egg-schedule]: register schedule /Users/kayliang/Documents/linjy/Frontend/Notebook/examples/6-node/egg-example/node_modules/egg-multipart/app/schedule/clean_tmpdir.js
2021-05-27 21:32:54,458 INFO 27115 [egg-schedule]: register schedule /Users/kayliang/Documents/linjy/Frontend/Notebook/examples/6-node/egg-example/node_modules/egg-logrotator/app/schedule/clean_log.js
2021-05-27 21:32:54,458 INFO 27115 [egg-schedule]: register schedule /Users/kayliang/Documents/linjy/Frontend/Notebook/examples/6-node/egg-example/node_modules/egg-logrotator/app/schedule/rotate_by_file.js
2021-05-27 21:34:46,673 INFO 27136 [egg-schedule]: register schedule /Users/kayliang/Documents/linjy/Frontend/Notebook/examples/6-node/egg-example/node_modules/egg-multipart/app/schedule/clean_tmpdir.js
2021-05-27 21:34:46,673 INFO 27136 [egg-schedule]: register schedule /Users/kayliang/Documents/linjy/Frontend/Notebook/examples/6-node/egg-example/node_modules/egg-logrotator/app/schedule/clean_log.js
2021-05-27 21:34:46,673 INFO 27136 [egg-schedule]: register schedule /Users/kayliang/Documents/linjy/Frontend/Notebook/examples/6-node/egg-example/node_modules/egg-logrotator/app/schedule/rotate_by_file.js
2021-05-27 21:50:16,392 INFO 27234 [egg-schedule]: register schedule /Users/kayliang/Documents/linjy/Frontend/Notebook/examples/6-node/egg-example/node_modules/egg-multipart/app/schedule/clean_tmpdir.js
2021-05-27 21:50:16,392 INFO 27234 [egg-schedule]: register schedule /Users/kayliang/Documents/linjy/Frontend/Notebook/examples/6-node/egg-example/node_modules/egg-logrotator/app/schedule/clean_log.js
2021-05-27 21:50:16,392 INFO 27234 [egg-schedule]: register schedule /Users/kayliang/Documents/linjy/Frontend/Notebook/examples/6-node/egg-example/node_modules/egg-logrotator/app/schedule/rotate_by_file.js
2021-05-27 21:50:31,580 INFO 27249 [egg-schedule]: register schedule /Users/kayliang/Documents/linjy/Frontend/Notebook/examples/6-node/egg-example/node_modules/egg-multipart/app/schedule/clean_tmpdir.js
2021-05-27 21:50:31,580 INFO 27249 [egg-schedule]: register schedule /Users/kayliang/Documents/linjy/Frontend/Notebook/examples/6-node/egg-example/node_modules/egg-logrotator/app/schedule/clean_log.js
2021-05-27 21:50:31,580 INFO 27249 [egg-schedule]: register schedule /Users/kayliang/Documents/linjy/Frontend/Notebook/examples/6-node/egg-example/node_modules/egg-logrotator/app/schedule/rotate_by_file.js
2021-05-27 21:51:50,132 INFO 27269 [egg-schedule]: register schedule /Users/kayliang/Documents/linjy/Frontend/Notebook/examples/6-node/egg-example/node_modules/egg-multipart/app/schedule/clean_tmpdir.js
2021-05-27 21:51:50,132 INFO 27269 [egg-schedule]: register schedule /Users/kayliang/Documents/linjy/Frontend/Notebook/examples/6-node/egg-example/node_modules/egg-logrotator/app/schedule/clean_log.js
2021-05-27 21:51:50,132 INFO 27269 [egg-schedule]: register schedule /Users/kayliang/Documents/linjy/Frontend/Notebook/examples/6-node/egg-example/node_modules/egg-logrotator/app/schedule/rotate_by_file.js
2021-05-27 21:52:00,936 INFO 27286 [egg-schedule]: register schedule /Users/kayliang/Documents/linjy/Frontend/Notebook/examples/6-node/egg-example/node_modules/egg-multipart/app/schedule/clean_tmpdir.js
2021-05-27 21:52:00,936 INFO 27286 [egg-schedule]: register schedule /Users/kayliang/Documents/linjy/Frontend/Notebook/examples/6-node/egg-example/node_modules/egg-logrotator/app/schedule/clean_log.js
2021-05-27 21:52:00,936 INFO 27286 [egg-schedule]: register schedule /Users/kayliang/Documents/linjy/Frontend/Notebook/examples/6-node/egg-example/node_modules/egg-logrotator/app/schedule/rotate_by_file.js
2021-05-27 22:01:53,601 INFO 27503 [Timer] /Users/kayliang/Documents/linjy/Frontend/Notebook/examples/6-node/egg-example/node_modules/egg-multipart/app/schedule/clean_tmpdir.js next time will execute after 23286402ms at 2021-05-28 04:30:00.003
2021-05-27 22:01:53,601 INFO 27503 [Timer] /Users/kayliang/Documents/linjy/Frontend/Notebook/examples/6-node/egg-example/node_modules/egg-logrotator/app/schedule/clean_log.js next time will execute after 7086399ms at 2021-05-28 00:00:00.000
2021-05-27 22:01:53,601 INFO 27503 [Timer] /Users/kayliang/Documents/linjy/Frontend/Notebook/examples/6-node/egg-example/node_modules/egg-logrotator/app/schedule/rotate_by_file.js next time will execute after 7087399ms at 2021-05-28 00:00:01.000
2021-05-27 22:01:53,483 INFO 27504 [egg-schedule]: register schedule /Users/kayliang/Documents/linjy/Frontend/Notebook/examples/6-node/egg-example/node_modules/egg-multipart/app/schedule/clean_tmpdir.js
2021-05-27 22:01:53,483 INFO 27504 [egg-schedule]: register schedule /Users/kayliang/Documents/linjy/Frontend/Notebook/examples/6-node/egg-example/node_modules/egg-logrotator/app/schedule/clean_log.js
2021-05-27 22:01:53,483 INFO 27504 [egg-schedule]: register schedule /Users/kayliang/Documents/linjy/Frontend/Notebook/examples/6-node/egg-example/node_modules/egg-logrotator/app/schedule/rotate_by_file.js
2021-05-27 22:09:48,144 INFO 27658 [Timer] /Users/kayliang/Documents/linjy/Frontend/Notebook/examples/6-node/egg-example/node_modules/egg-multipart/app/schedule/clean_tmpdir.js next time will execute after 22811859ms at 2021-05-28 04:30:00.003
2021-05-27 22:09:48,145 INFO 27658 [Timer] /Users/kayliang/Documents/linjy/Frontend/Notebook/examples/6-node/egg-example/node_modules/egg-logrotator/app/schedule/clean_log.js next time will execute after 6611855ms at 2021-05-28 00:00:00.000
2021-05-27 22:09:48,145 INFO 27658 [Timer] /Users/kayliang/Documents/linjy/Frontend/Notebook/examples/6-node/egg-example/node_modules/egg-logrotator/app/schedule/rotate_by_file.js next time will execute after 6612855ms at 2021-05-28 00:00:01.000
2021-05-27 22:09:48,034 INFO 27662 [egg-schedule]: register schedule /Users/kayliang/Documents/linjy/Frontend/Notebook/examples/6-node/egg-example/node_modules/egg-multipart/app/schedule/clean_tmpdir.js
2021-05-27 22:09:48,034 INFO 27662 [egg-schedule]: register schedule /Users/kayliang/Documents/linjy/Frontend/Notebook/examples/6-node/egg-example/node_modules/egg-logrotator/app/schedule/clean_log.js
2021-05-27 22:09:48,034 INFO 27662 [egg-schedule]: register schedule /Users/kayliang/Documents/linjy/Frontend/Notebook/examples/6-node/egg-example/node_modules/egg-logrotator/app/schedule/rotate_by_file.js
2021-05-27 22:24:40,550 INFO 27885 [Timer] /Users/kayliang/Documents/linjy/Frontend/Notebook/examples/6-node/egg-example/node_modules/egg-multipart/app/schedule/clean_tmpdir.js next time will execute after 21919453ms at 2021-05-28 04:30:00.003
2021-05-27 22:24:40,551 INFO 27885 [Timer] /Users/kayliang/Documents/linjy/Frontend/Notebook/examples/6-node/egg-example/node_modules/egg-logrotator/app/schedule/clean_log.js next time will execute after 5719450ms at 2021-05-28 00:00:00.001
2021-05-27 22:24:40,551 INFO 27885 [Timer] /Users/kayliang/Documents/linjy/Frontend/Notebook/examples/6-node/egg-example/node_modules/egg-logrotator/app/schedule/rotate_by_file.js next time will execute after 5720449ms at 2021-05-28 00:00:01.000
2021-05-27 22:24:40,447 INFO 27886 [egg-schedule]: register schedule /Users/kayliang/Documents/linjy/Frontend/Notebook/examples/6-node/egg-example/node_modules/egg-multipart/app/schedule/clean_tmpdir.js
2021-05-27 22:24:40,447 INFO 27886 [egg-schedule]: register schedule /Users/kayliang/Documents/linjy/Frontend/Notebook/examples/6-node/egg-example/node_modules/egg-logrotator/app/schedule/clean_log.js
2021-05-27 22:24:40,447 INFO 27886 [egg-schedule]: register schedule /Users/kayliang/Documents/linjy/Frontend/Notebook/examples/6-node/egg-example/node_modules/egg-logrotator/app/schedule/rotate_by_file.js
2021-05-27 22:27:22,152 INFO 27930 [Timer] /Users/kayliang/Documents/linjy/Frontend/Notebook/examples/6-node/egg-example/node_modules/egg-multipart/app/schedule/clean_tmpdir.js next time will execute after 21757852ms at 2021-05-28 04:30:00.004
2021-05-27 22:27:22,153 INFO 27930 [Timer] /Users/kayliang/Documents/linjy/Frontend/Notebook/examples/6-node/egg-example/node_modules/egg-logrotator/app/schedule/clean_log.js next time will execute after 5557848ms at 2021-05-28 00:00:00.001
2021-05-27 22:27:22,153 INFO 27930 [Timer] /Users/kayliang/Documents/linjy/Frontend/Notebook/examples/6-node/egg-example/node_modules/egg-logrotator/app/schedule/rotate_by_file.js next time will execute after 5558847ms at 2021-05-28 00:00:01.000
2021-05-27 22:27:22,042 INFO 27931 [egg-schedule]: register schedule /Users/kayliang/Documents/linjy/Frontend/Notebook/examples/6-node/egg-example/node_modules/egg-multipart/app/schedule/clean_tmpdir.js
2021-05-27 22:27:22,042 INFO 27931 [egg-schedule]: register schedule /Users/kayliang/Documents/linjy/Frontend/Notebook/examples/6-node/egg-example/node_modules/egg-logrotator/app/schedule/clean_log.js
2021-05-27 22:27:22,042 INFO 27931 [egg-schedule]: register schedule /Users/kayliang/Documents/linjy/Frontend/Notebook/examples/6-node/egg-example/node_modules/egg-logrotator/app/schedule/rotate_by_file.js
2021-05-27 22:29:54,172 INFO 27993 [Timer] /Users/kayliang/Documents/linjy/Frontend/Notebook/examples/6-node/egg-example/node_modules/egg-multipart/app/schedule/clean_tmpdir.js next time will execute after 21605831ms at 2021-05-28 04:30:00.003
2021-05-27 22:29:54,173 INFO 27993 [Timer] /Users/kayliang/Documents/linjy/Frontend/Notebook/examples/6-node/egg-example/node_modules/egg-logrotator/app/schedule/clean_log.js next time will execute after 5405827ms at 2021-05-28 00:00:00.000
2021-05-27 22:29:54,173 INFO 27993 [Timer] /Users/kayliang/Documents/linjy/Frontend/Notebook/examples/6-node/egg-example/node_modules/egg-logrotator/app/schedule/rotate_by_file.js next time will execute after 5406827ms at 2021-05-28 00:00:01.000
2021-05-27 22:29:54,054 INFO 27997 [egg-schedule]: register schedule /Users/kayliang/Documents/linjy/Frontend/Notebook/examples/6-node/egg-example/node_modules/egg-multipart/app/schedule/clean_tmpdir.js
2021-05-27 22:29:54,055 INFO 27997 [egg-schedule]: register schedule /Users/kayliang/Documents/linjy/Frontend/Notebook/examples/6-node/egg-example/node_modules/egg-logrotator/app/schedule/clean_log.js
2021-05-27 22:29:54,055 INFO 27997 [egg-schedule]: register schedule /Users/kayliang/Documents/linjy/Frontend/Notebook/examples/6-node/egg-example/node_modules/egg-logrotator/app/schedule/rotate_by_file.js
2021-05-27 22:31:19,841 INFO 28053 [Timer] /Users/kayliang/Documents/linjy/Frontend/Notebook/examples/6-node/egg-example/node_modules/egg-multipart/app/schedule/clean_tmpdir.js next time will execute after 21520162ms at 2021-05-28 04:30:00.003
2021-05-27 22:31:19,841 INFO 28053 [Timer] /Users/kayliang/Documents/linjy/Frontend/Notebook/examples/6-node/egg-example/node_modules/egg-logrotator/app/schedule/clean_log.js next time will execute after 5320159ms at 2021-05-28 00:00:00.000
2021-05-27 22:31:19,841 INFO 28053 [Timer] /Users/kayliang/Documents/linjy/Frontend/Notebook/examples/6-node/egg-example/node_modules/egg-logrotator/app/schedule/rotate_by_file.js next time will execute after 5321159ms at 2021-05-28 00:00:01.000
2021-05-27 22:31:19,716 INFO 28054 [egg-schedule]: register schedule /Users/kayliang/Documents/linjy/Frontend/Notebook/examples/6-node/egg-example/node_modules/egg-multipart/app/schedule/clean_tmpdir.js
2021-05-27 22:31:19,716 INFO 28054 [egg-schedule]: register schedule /Users/kayliang/Documents/linjy/Frontend/Notebook/examples/6-node/egg-example/node_modules/egg-logrotator/app/schedule/clean_log.js
2021-05-27 22:31:19,716 INFO 28054 [egg-schedule]: register schedule /Users/kayliang/Documents/linjy/Frontend/Notebook/examples/6-node/egg-example/node_modules/egg-logrotator/app/schedule/rotate_by_file.js
2021-05-27 22:31:25,041 INFO 28070 [egg-schedule]: register schedule /Users/kayliang/Documents/linjy/Frontend/Notebook/examples/6-node/egg-example/node_modules/egg-multipart/app/schedule/clean_tmpdir.js
2021-05-27 22:31:25,041 INFO 28070 [egg-schedule]: register schedule /Users/kayliang/Documents/linjy/Frontend/Notebook/examples/6-node/egg-example/node_modules/egg-logrotator/app/schedule/clean_log.js
2021-05-27 22:31:25,041 INFO 28070 [egg-schedule]: register schedule /Users/kayliang/Documents/linjy/Frontend/Notebook/examples/6-node/egg-example/node_modules/egg-logrotator/app/schedule/rotate_by_file.js
2021-05-27 22:31:46,400 INFO 28079 [egg-schedule]: register schedule /Users/kayliang/Documents/linjy/Frontend/Notebook/examples/6-node/egg-example/node_modules/egg-multipart/app/schedule/clean_tmpdir.js
2021-05-27 22:31:46,400 INFO 28079 [egg-schedule]: register schedule /Users/kayliang/Documents/linjy/Frontend/Notebook/examples/6-node/egg-example/node_modules/egg-logrotator/app/schedule/clean_log.js
2021-05-27 22:31:46,400 INFO 28079 [egg-schedule]: register schedule /Users/kayliang/Documents/linjy/Frontend/Notebook/examples/6-node/egg-example/node_modules/egg-logrotator/app/schedule/rotate_by_file.js
